Arguments: 
  /usr/local/bin/node /Users/ivos/.yarn/bin/yarn.js init

PATH: 
  /Users/ivos/.yarn/bin:/Users/ivos/.pyenv/shims:/Users/ivos/.local/bin:/usr/local/bin:/usr/local/sbin:/usr/bin:/bin:/usr/sbin:/sbin:/usr/local/share/dotnet:/usr/local/go/bin:/Library/Frameworks/Mono.framework/Versions/Current/Commands:/Users/ivos/Documents/GitHub/go/bin:/usr/local/opt/opencv/bin:/Users/ivos/TOOLS/gatling/bin:/Users/ivos/tools

Yarn version: 
  1.0.2

Node version: 
  8.4.0

Platform: 
  darwin x64

npm manifest: 
  No manifest

yarn manifest: 
  No manifest

Lockfile: 
  No lockfile

Trace: 
  Error: canceled
      at Interface.<anonymous> (/Users/ivos/.yarn/lib/cli.js:115330:13)
      at emitNone (events.js:105:13)
      at Interface.emit (events.js:207:7)
      at Interface._ttyWrite (readline.js:770:16)
      at ReadStream.onkeypress (readline.js:158:10)
      at emitTwo (events.js:125:13)
      at ReadStream.emit (events.js:213:7)
      at emitKeys (internal/readline.js:420:14)
      at emitKeys.next (<anonymous>)
      at ReadStream.onData (readline.js:1007:36)
